[debug] [2022-02-17T20:28:54.532Z] ----------------------------------------------------------------------
[debug] [2022-02-17T20:28:54.540Z] Command:       C:\Program Files\nodejs\node.exe C:\Users\usuario\AppData\Roaming\npm\node_modules\firebase-tools\lib\bin\firebase.js init
[debug] [2022-02-17T20:28:54.541Z] CLI Version:   10.2.1
[debug] [2022-02-17T20:28:54.542Z] Platform:      win32
[debug] [2022-02-17T20:28:54.542Z] Node Version:  v12.16.1
[debug] [2022-02-17T20:28:54.548Z] Time:          Thu Feb 17 2022 15:28:54 GMT-0500 (GMT-05:00)
[debug] [2022-02-17T20:28:54.548Z] ----------------------------------------------------------------------
[debug] 
[debug] [2022-02-17T20:28:54.589Z] > command requires scopes: ["email","openid","https://www.googleapis.com/auth/cloudplatformprojects.readonly","https://www.googleapis.com/auth/firebase","https://www.googleapis.com/auth/cloud-platform"]
[debug] [2022-02-17T20:28:54.590Z] > authorizing via signed-in user (sebastian.armijos.est@tecazuay.edu.ec)
[info] 
     ######## #### ########  ######## ########     ###     ######  ########
     ##        ##  ##     ## ##       ##     ##  ##   ##  ##       ##
     ######    ##  ########  ######   ########  #########  ######  ######
     ##        ##  ##    ##  ##       ##     ## ##     ##       ## ##
     ##       #### ##     ## ######## ########  ##     ##  ######  ########

You're about to initialize a Firebase project in this directory:

  C:\Users\usuario\Documents\Proyectos Diferentes\ProyectoVinculacion

[info] 
=== Project Setup
[info] 
[info] First, let's associate this project directory with a Firebase project.
[info] You can create multiple project aliases by running firebase use --add, 
[info] but for now we'll just set up a default project.
[info] 
[info] i  If you want to create a project in a Google Cloud organization or folder, please use "firebase projects:create" instead, and return to this command when you've created the project. 
